<?xml version="1.0" encoding="UTF-8"?>
<!-- Generated by org.testng.reporters.JUnitReportReporter -->
<testsuite hostname="Asitkarans-MacBook-Pro.local" failures="0" tests="2" name="tests.LoginTest" time="10.495" errors="0" timestamp="17 Nov 2024 08:34:31 GMT" skipped="0">
  <testcase classname="tests.LoginTest" name="TC01_LoginSuccessTest" time="5.812"/>
  <testcase classname="tests.LoginTest" name="TC02_LoginFailureTest" time="4.683"/>
</testsuite> <!-- tests.LoginTest -->
