<?xml version="1.0" encoding="UTF-8"?>
<!-- Generated by org.testng.reporters.JUnitReportReporter -->
<testsuite hostname="Asitkarans-MacBook-Pro.local" failures="0" tests="1" name="tests.TestClass" time="34.415" errors="0" timestamp="25 Aug 2024 06:22:09 GMT" skipped="0">
  <testcase classname="tests.TestClass" name="test" time="34.415"/>
</testsuite> <!-- tests.TestClass -->
