<?xml version="1.0" encoding="UTF-8"?>
<!-- Generated by org.testng.reporters.JUnitReportReporter -->
<testsuite hostname="Asitkarans-MacBook-Pro.local" failures="0" tests="3" name="tests.LoginTest" time="14.913" errors="0" timestamp="17 Aug 2024 09:14:10 GMT" skipped="0">
  <testcase classname="tests.LoginTest" name="TC01_LoginSuccessTest" time="4.867"/>
  <testcase classname="tests.LoginTest" name="TC02_LoginFailureTest" time="4.744"/>
  <testcase classname="tests.LoginTest" name="TC03_LockedUserTest" time="5.302"/>
</testsuite> <!-- tests.LoginTest -->
