<?xml version="1.0" encoding="UTF-8"?>
<!-- Generated by org.testng.reporters.JUnitReportReporter -->
<testsuite hostname="Asitkarans-MacBook-Pro.local" failures="0" tests="2" name="tests.LoginTest" time="26.328" errors="0" timestamp="19 Nov 2024 07:38:16 GMT" skipped="0">
  <testcase classname="tests.LoginTest" name="TC02_LoginFailureTest" time="12.651"/>
  <testcase classname="tests.LoginTest" name="TC01_LoginSuccessTest" time="13.677"/>
</testsuite> <!-- tests.LoginTest -->
