<?xml version="1.0" encoding="UTF-8"?>
<!-- Generated by org.testng.reporters.JUnitReportReporter -->
<testsuite hostname="Asitkarans-MacBook-Pro.local" failures="0" tests="1" name="tests.HomePageTest" time="5.938" errors="0" timestamp="17 Aug 2024 09:14:10 GMT" skipped="0">
  <testcase classname="tests.HomePageTest" name="TC01_AddToCartTest" time="5.938"/>
</testsuite> <!-- tests.HomePageTest -->
