<?xml version="1.0" encoding="UTF-8"?>
<!-- Generated by org.testng.reporters.JUnitReportReporter -->
<testsuite hostname="Asitkarans-MacBook-Pro.local" failures="0" tests="1" name="tests.HomePageTest" time="13.403" errors="0" timestamp="17 Nov 2024 08:32:22 GMT" skipped="0">
  <testcase classname="tests.HomePageTest" name="TC01_AddToCartTest" time="13.403"/>
</testsuite> <!-- tests.HomePageTest -->
