<?xml version="1.0" encoding="UTF-8"?>
<!-- Generated by org.testng.reporters.JUnitReportReporter -->
<testsuite hostname="Asitkarans-MacBook-Pro.local" failures="0" tests="3" name="tests.LoginTest" time="14.323" errors="0" timestamp="21 Jul 2024 16:53:16 GMT" skipped="0">
  <testcase classname="tests.LoginTest" name="TC01_LoginSuccessTest" time="4.844"/>
  <testcase classname="tests.LoginTest" name="TC02_LoginFailureTest" time="4.738"/>
  <testcase classname="tests.LoginTest" name="TC03_LockedUserTest" time="4.741"/>
</testsuite> <!-- tests.LoginTest -->
